Arguments: 
  /usr/local/bin/node /usr/local/Cellar/yarn/1.22.17_2/libexec/bin/yarn.js add sequelize-auto sequalize-cli mysql -g apollo-server graphql sequalize mysql2 nodemon

PATH: 
  /usr/local/opt/openjdk@11/bin:/usr/local/opt/mysql-client/bin:/Users/user/.pyenv/bin:/usr/local/sbin:/Library/Frameworks/Python.framework/Versions/3.10/bin:/usr/local/bin:/usr/bin:/bin:/usr/sbin:/sbin:/usr/local/share/dotnet:~/.dotnet/tools:/Library/Apple/usr/bin:/Library/Frameworks/Mono.framework/Versions/Current/Commands:/Users/user/Library/Android/sdk/emulator:/Users/user/Library/Android/sdk/tools:/Users/user/Library/Android/sdk/tools/bin:/Users/user/Library/Android/sdk/platform-tools:/Users/user/joker/flutter/bin

Yarn version: 
  1.22.17

Node version: 
  16.13.2

Platform: 
  darwin x64

Trace: 
  Error: https://registry.yarnpkg.com/sequalize-cli: Not found
      at Request.params.callback [as _callback] (/usr/local/Cellar/yarn/1.22.17_2/libexec/lib/cli.js:67029:18)
      at Request.self.callback (/usr/local/Cellar/yarn/1.22.17_2/libexec/lib/cli.js:140883:22)
      at Request.emit (node:events:390:28)
      at Request.<anonymous> (/usr/local/Cellar/yarn/1.22.17_2/libexec/lib/cli.js:141855:10)
      at Request.emit (node:events:390:28)
      at IncomingMessage.<anonymous> (/usr/local/Cellar/yarn/1.22.17_2/libexec/lib/cli.js:141777:12)
      at Object.onceWrapper (node:events:509:28)
      at IncomingMessage.emit (node:events:402:35)
      at endReadableNT (node:internal/streams/readable:1343:12)
      at processTicksAndRejections (node:internal/process/task_queues:83:21)

npm manifest: 
  {
    "name": "graphql-crud",
    "version": "1.0.0",
    "main": "index.js",
    "license": "MIT"
  }

yarn manifest: 
  No manifest

Lockfile: 
  No lockfile
